mode: set
github.com/dateiexplorer/attendancelist/internal/token/generator.go:21.58,23.12 2 1
github.com/dateiexplorer/attendancelist/internal/token/generator.go:33.2,33.12 1 1
github.com/dateiexplorer/attendancelist/internal/token/generator.go:23.12,25.7 2 1
github.com/dateiexplorer/attendancelist/internal/token/generator.go:25.7,30.4 2 1
github.com/dateiexplorer/attendancelist/internal/convert/convert.go:18.44,23.35 3 1
github.com/dateiexplorer/attendancelist/internal/convert/convert.go:27.2,28.23 2 1
github.com/dateiexplorer/attendancelist/internal/convert/convert.go:23.35,25.3 1 1
github.com/dateiexplorer/attendancelist/internal/timeutil/timeutil.go:33.82,36.2 2 1
github.com/dateiexplorer/attendancelist/internal/timeutil/timeutil.go:44.54,46.16 2 1
github.com/dateiexplorer/attendancelist/internal/timeutil/timeutil.go:50.2,50.29 1 1
github.com/dateiexplorer/attendancelist/internal/timeutil/timeutil.go:46.16,48.3 1 1
github.com/dateiexplorer/attendancelist/internal/timeutil/timeutil.go:58.35,60.2 1 1
github.com/dateiexplorer/attendancelist/internal/timeutil/timeutil.go:63.32,65.2 1 1
github.com/dateiexplorer/attendancelist/internal/timeutil/timeutil.go:69.36,71.2 1 1
github.com/dateiexplorer/attendancelist/internal/timeutil/timeutil.go:81.57,83.2 1 1
github.com/dateiexplorer/attendancelist/internal/timeutil/timeutil.go:90.44,92.22 2 1
github.com/dateiexplorer/attendancelist/internal/timeutil/timeutil.go:96.2,97.16 2 1
github.com/dateiexplorer/attendancelist/internal/timeutil/timeutil.go:101.2,102.16 2 1
github.com/dateiexplorer/attendancelist/internal/timeutil/timeutil.go:106.2,107.16 2 1
github.com/dateiexplorer/attendancelist/internal/timeutil/timeutil.go:111.2,111.48 1 1
github.com/dateiexplorer/attendancelist/internal/timeutil/timeutil.go:92.22,94.3 1 1
github.com/dateiexplorer/attendancelist/internal/timeutil/timeutil.go:97.16,99.3 1 1
github.com/dateiexplorer/attendancelist/internal/timeutil/timeutil.go:102.16,104.3 1 1
github.com/dateiexplorer/attendancelist/internal/timeutil/timeutil.go:107.16,109.3 1 1
github.com/dateiexplorer/attendancelist/internal/timeutil/timeutil.go:115.31,117.2 1 1
github.com/dateiexplorer/attendancelist/internal/journal/journal.go:49.67,54.16 3 1
github.com/dateiexplorer/attendancelist/internal/journal/journal.go:58.2,64.34 4 1
github.com/dateiexplorer/attendancelist/internal/journal/journal.go:86.2,86.36 1 1
github.com/dateiexplorer/attendancelist/internal/journal/journal.go:54.16,56.3 1 1
github.com/dateiexplorer/attendancelist/internal/journal/journal.go:64.34,68.17 3 1
github.com/dateiexplorer/attendancelist/internal/journal/journal.go:72.3,75.17 3 1
github.com/dateiexplorer/attendancelist/internal/journal/journal.go:79.3,83.35 4 1
github.com/dateiexplorer/attendancelist/internal/journal/journal.go:68.17,70.4 1 1
github.com/dateiexplorer/attendancelist/internal/journal/journal.go:75.17,77.4 1 1
github.com/dateiexplorer/attendancelist/internal/journal/journal.go:95.59,100.16 3 1
github.com/dateiexplorer/attendancelist/internal/journal/journal.go:104.2,110.16 4 1
github.com/dateiexplorer/attendancelist/internal/journal/journal.go:114.2,114.12 1 1
github.com/dateiexplorer/attendancelist/internal/journal/journal.go:100.16,102.3 1 0
github.com/dateiexplorer/attendancelist/internal/journal/journal.go:110.16,112.3 1 0
github.com/dateiexplorer/attendancelist/internal/journal/journal.go:124.68,127.30 2 1
github.com/dateiexplorer/attendancelist/internal/journal/journal.go:134.2,135.22 2 1
github.com/dateiexplorer/attendancelist/internal/journal/journal.go:139.2,139.18 1 1
github.com/dateiexplorer/attendancelist/internal/journal/journal.go:127.30,128.20 1 1
github.com/dateiexplorer/attendancelist/internal/journal/journal.go:128.20,130.4 1 1
github.com/dateiexplorer/attendancelist/internal/journal/journal.go:135.22,137.3 1 1
github.com/dateiexplorer/attendancelist/internal/journal/journal.go:150.74,152.30 2 1
github.com/dateiexplorer/attendancelist/internal/journal/journal.go:167.2,168.22 2 1
github.com/dateiexplorer/attendancelist/internal/journal/journal.go:173.2,173.39 1 1
github.com/dateiexplorer/attendancelist/internal/journal/journal.go:177.2,177.13 1 1
github.com/dateiexplorer/attendancelist/internal/journal/journal.go:152.30,153.22 1 1
github.com/dateiexplorer/attendancelist/internal/journal/journal.go:153.22,154.19 1 1
github.com/dateiexplorer/attendancelist/internal/journal/journal.go:155.15,156.88 1 1
github.com/dateiexplorer/attendancelist/internal/journal/journal.go:157.16,158.38 1 1
github.com/dateiexplorer/attendancelist/internal/journal/journal.go:158.38,161.6 2 1
github.com/dateiexplorer/attendancelist/internal/journal/journal.go:168.22,170.3 1 1
github.com/dateiexplorer/attendancelist/internal/journal/journal.go:173.39,175.3 1 1
github.com/dateiexplorer/attendancelist/internal/journal/journal.go:208.40,210.2 1 1
github.com/dateiexplorer/attendancelist/internal/journal/journal.go:220.82,222.2 1 1
github.com/dateiexplorer/attendancelist/internal/journal/journal.go:239.53,241.12 2 1
github.com/dateiexplorer/attendancelist/internal/journal/journal.go:261.2,261.16 1 1
github.com/dateiexplorer/attendancelist/internal/journal/journal.go:241.12,242.23 1 1
github.com/dateiexplorer/attendancelist/internal/journal/journal.go:258.3,258.17 1 1
github.com/dateiexplorer/attendancelist/internal/journal/journal.go:242.23,244.44 2 1
github.com/dateiexplorer/attendancelist/internal/journal/journal.go:248.4,249.45 2 1
github.com/dateiexplorer/attendancelist/internal/journal/journal.go:253.4,255.19 1 1
github.com/dateiexplorer/attendancelist/internal/journal/journal.go:244.44,246.5 1 1
github.com/dateiexplorer/attendancelist/internal/journal/journal.go:249.45,251.5 1 1
github.com/dateiexplorer/attendancelist/internal/journal/journal.go:268.43,270.2 1 1
github.com/dateiexplorer/attendancelist/internal/journal/journal.go:281.90,283.2 1 1
